<?xml version="1.0" encoding="UTF-8"?>
<!-- Generated by org.testng.reporters.JUnitXMLReporter -->
<testsuite hostname="SL-2037" ignored="0" name="Surefire test" tests="26" failures="16" timestamp="07 Feb 2023 14:55:37 GMT" time="326.344" errors="0">
  <testcase name="@AfterMethod tearDown" time="0.0" classname="com.unifi.UnifiTest">
    <failure type="java.lang.NullPointerException">
      <![CDATA[java.lang.NullPointerException
	at com.unifi.UnifiTest.tearDown(UnifiTest.java:110)
	at java.util.concurrent.FutureTask.run(FutureTask.java:266)
	at java.util.concurrent.Executors$RunnableAdapter.call(Executors.java:511)
	at java.util.concurrent.FutureTask.run(FutureTask.java:266)
	at java.util.concurrent.ThreadPoolExecutor.runWorker(ThreadPoolExecutor.java:1149)
	at java.util.concurrent.ThreadPoolExecutor$Worker.run(ThreadPoolExecutor.java:624)
	at java.lang.Thread.run(Thread.java:748)
... Removed 10 stack frames]]>
    </failure>
  </testcase> <!-- @AfterMethod tearDown -->
  <testcase name="@AfterMethod tearDown" time="0.0" classname="com.unifi.UnifiTest">
    <skipped/>
  </testcase> <!-- @AfterMethod tearDown -->
  <testcase name="@AfterMethod tearDown" time="0.0" classname="com.unifi.UnifiTest">
    <skipped/>
  </testcase> <!-- @AfterMethod tearDown -->
  <testcase name="@AfterMethod tearDown" time="0.0" classname="com.unifi.UnifiTest">
    <skipped/>
  </testcase> <!-- @AfterMethod tearDown -->
  <testcase name="@AfterMethod tearDown" time="0.0" classname="com.unifi.UnifiTest">
    <skipped/>
  </testcase> <!-- @AfterMethod tearDown -->
  <testcase name="@AfterMethod tearDown" time="0.0" classname="com.unifi.UnifiTest">
    <skipped/>
  </testcase> <!-- @AfterMethod tearDown -->
  <testcase name="@AfterMethod tearDown" time="0.0" classname="com.unifi.UnifiTest">
    <skipped/>
  </testcase> <!-- @AfterMethod tearDown -->
  <testcase name="@AfterMethod tearDown" time="0.0" classname="com.unifi.UnifiTest">
    <skipped/>
  </testcase> <!-- @AfterMethod tearDown -->
  <testcase name="@AfterMethod tearDown" time="0.0" classname="com.unifi.UnifiTest">
    <skipped/>
  </testcase> <!-- @AfterMethod tearDown -->
  <testcase name="@AfterMethod tearDown" time="0.0" classname="com.unifi.UnifiTest">
    <skipped/>
  </testcase> <!-- @AfterMethod tearDown -->
  <testcase name="UnifiPageTitle" time="16.295" classname="com.unifi.UnifiTest">
    <failure type="java.lang.AssertionError" message="expected [Unifi - North America&amp;amp;#039;s Largest Provider of Aviation Services] but found [Unifi - North America&amp;apos;s Largest Provider of Aviation Services]">
      <![CDATA[java.lang.AssertionError: expected [Unifi - North America&#039;s Largest Provider of Aviation Services] but found [Unifi - North America's Largest Provider of Aviation Services]
	at com.unifi.UnifiTest.UnifiPageTitle(UnifiTest.java:128)
	at java.util.concurrent.FutureTask.run(FutureTask.java:266)
	at java.util.concurrent.Executors$RunnableAdapter.call(Executors.java:511)
	at java.util.concurrent.FutureTask.run(FutureTask.java:266)
	at java.util.concurrent.ThreadPoolExecutor.runWorker(ThreadPoolExecutor.java:1149)
	at java.util.concurrent.ThreadPoolExecutor$Worker.run(ThreadPoolExecutor.java:624)
	at java.lang.Thread.run(Thread.java:748)
... Removed 15 stack frames]]>
    </failure>
  </testcase> <!-- UnifiPageTitle -->
  <testcase name="UnifiPageTitle" time="17.917" classname="com.unifi.UnifiTest">
    <failure type="java.lang.AssertionError" message="expected [Unifi - North America&amp;amp;#039;s Largest Provider of Aviation Services] but found [Unifi - North America&amp;apos;s Largest Provider of Aviation Services]">
      <![CDATA[java.lang.AssertionError: expected [Unifi - North America&#039;s Largest Provider of Aviation Services] but found [Unifi - North America's Largest Provider of Aviation Services]
	at com.unifi.UnifiTest.UnifiPageTitle(UnifiTest.java:128)
	at java.util.concurrent.FutureTask.run(FutureTask.java:266)
	at java.util.concurrent.Executors$RunnableAdapter.call(Executors.java:511)
	at java.util.concurrent.FutureTask.run(FutureTask.java:266)
	at java.util.concurrent.ThreadPoolExecutor.runWorker(ThreadPoolExecutor.java:1149)
	at java.util.concurrent.ThreadPoolExecutor$Worker.run(ThreadPoolExecutor.java:624)
	at java.lang.Thread.run(Thread.java:748)
... Removed 15 stack frames]]>
    </failure>
  </testcase> <!-- UnifiPageTitle -->
  <testcase name="UnifiPageTitle" time="20.301" classname="com.unifi.UnifiTest">
    <failure type="java.lang.AssertionError" message="expected [Unifi - North America&amp;amp;#039;s Largest Provider of Aviation Services] but found [Unifi - North America&amp;apos;s Largest Provider of Aviation Services]">
      <![CDATA[java.lang.AssertionError: expected [Unifi - North America&#039;s Largest Provider of Aviation Services] but found [Unifi - North America's Largest Provider of Aviation Services]
	at com.unifi.UnifiTest.UnifiPageTitle(UnifiTest.java:128)
	at java.util.concurrent.FutureTask.run(FutureTask.java:266)
	at java.util.concurrent.Executors$RunnableAdapter.call(Executors.java:511)
	at java.util.concurrent.FutureTask.run(FutureTask.java:266)
	at java.util.concurrent.ThreadPoolExecutor.runWorker(ThreadPoolExecutor.java:1149)
	at java.util.concurrent.ThreadPoolExecutor$Worker.run(ThreadPoolExecutor.java:624)
	at java.lang.Thread.run(Thread.java:748)
... Removed 15 stack frames]]>
    </failure>
  </testcase> <!-- UnifiPageTitle -->
  <testcase name="UnifiPageTitle" time="22.765" classname="com.unifi.UnifiTest">
    <failure type="java.lang.AssertionError" message="expected [Unifi - North America&amp;amp;#039;s Largest Provider of Aviation Services] but found [Unifi - North America&amp;apos;s Largest Provider of Aviation Services]">
      <![CDATA[java.lang.AssertionError: expected [Unifi - North America&#039;s Largest Provider of Aviation Services] but found [Unifi - North America's Largest Provider of Aviation Services]
	at com.unifi.UnifiTest.UnifiPageTitle(UnifiTest.java:128)
	at java.util.concurrent.FutureTask.run(FutureTask.java:266)
	at java.util.concurrent.Executors$RunnableAdapter.call(Executors.java:511)
	at java.util.concurrent.FutureTask.run(FutureTask.java:266)
	at java.util.concurrent.ThreadPoolExecutor.runWorker(ThreadPoolExecutor.java:1149)
	at java.util.concurrent.ThreadPoolExecutor$Worker.run(ThreadPoolExecutor.java:624)
	at java.lang.Thread.run(Thread.java:748)
... Removed 15 stack frames]]>
    </failure>
  </testcase> <!-- UnifiPageTitle -->
  <testcase name="UnifiPageTitle" time="25.482" classname="com.unifi.UnifiTest">
    <failure type="java.lang.AssertionError" message="expected [Unifi - North America&amp;amp;#039;s Largest Provider of Aviation Services] but found [Unifi - North America&amp;apos;s Largest Provider of Aviation Services]">
      <![CDATA[java.lang.AssertionError: expected [Unifi - North America&#039;s Largest Provider of Aviation Services] but found [Unifi - North America's Largest Provider of Aviation Services]
	at com.unifi.UnifiTest.UnifiPageTitle(UnifiTest.java:128)
	at java.util.concurrent.FutureTask.run(FutureTask.java:266)
	at java.util.concurrent.Executors$RunnableAdapter.call(Executors.java:511)
	at java.util.concurrent.FutureTask.run(FutureTask.java:266)
	at java.util.concurrent.ThreadPoolExecutor.runWorker(ThreadPoolExecutor.java:1149)
	at java.util.concurrent.ThreadPoolExecutor$Worker.run(ThreadPoolExecutor.java:624)
	at java.lang.Thread.run(Thread.java:748)
... Removed 15 stack frames]]>
    </failure>
  </testcase> <!-- UnifiPageTitle -->
  <testcase name="UnifiPageTitle" time="30.887" classname="com.unifi.UnifiTest">
    <failure type="java.lang.AssertionError" message="expected [Unifi - North America&amp;amp;#039;s Largest Provider of Aviation Services] but found [Unifi - North America&amp;apos;s Largest Provider of Aviation Services]">
      <![CDATA[java.lang.AssertionError: expected [Unifi - North America&#039;s Largest Provider of Aviation Services] but found [Unifi - North America's Largest Provider of Aviation Services]
	at com.unifi.UnifiTest.UnifiPageTitle(UnifiTest.java:128)
	at java.util.concurrent.FutureTask.run(FutureTask.java:266)
	at java.util.concurrent.Executors$RunnableAdapter.call(Executors.java:511)
	at java.util.concurrent.FutureTask.run(FutureTask.java:266)
	at java.util.concurrent.ThreadPoolExecutor.runWorker(ThreadPoolExecutor.java:1149)
	at java.util.concurrent.ThreadPoolExecutor$Worker.run(ThreadPoolExecutor.java:624)
	at java.lang.Thread.run(Thread.java:748)
... Removed 15 stack frames]]>
    </failure>
  </testcase> <!-- UnifiPageTitle -->
  <testcase name="UnifiFunc" time="32.939" classname="com.unifi.UnifiTest"/>
  <testcase name="UnifiFunc" time="34.817" classname="com.unifi.UnifiTest"/>
  <testcase name="UnifiFunc" time="37.791" classname="com.unifi.UnifiTest"/>
  <testcase name="UnifiPageTitle" time="37.861" classname="com.unifi.UnifiTest">
    <failure type="java.lang.AssertionError" message="expected [Unifi - North America&amp;amp;#039;s Largest Provider of Aviation Services] but found [Unifi - North America&amp;apos;s Largest Provider of Aviation Services]">
      <![CDATA[java.lang.AssertionError: expected [Unifi - North America&#039;s Largest Provider of Aviation Services] but found [Unifi - North America's Largest Provider of Aviation Services]
	at com.unifi.UnifiTest.UnifiPageTitle(UnifiTest.java:128)
	at java.util.concurrent.FutureTask.run(FutureTask.java:266)
	at java.util.concurrent.Executors$RunnableAdapter.call(Executors.java:511)
	at java.util.concurrent.FutureTask.run(FutureTask.java:266)
	at java.util.concurrent.ThreadPoolExecutor.runWorker(ThreadPoolExecutor.java:1149)
	at java.util.concurrent.ThreadPoolExecutor$Worker.run(ThreadPoolExecutor.java:624)
	at java.lang.Thread.run(Thread.java:748)
... Removed 15 stack frames]]>
    </failure>
  </testcase> <!-- UnifiPageTitle -->
  <testcase name="UnifiPageTitle" time="17.623" classname="com.unifi.UnifiTest">
    <failure type="java.lang.AssertionError" message="expected [Unifi - North America&amp;amp;#039;s Largest Provider of Aviation Services] but found [Appium: Mobile App Automation Made Awesome.]">
      <![CDATA[java.lang.AssertionError: expected [Unifi - North America&#039;s Largest Provider of Aviation Services] but found [Appium: Mobile App Automation Made Awesome.]
	at com.unifi.UnifiTest.UnifiPageTitle(UnifiTest.java:128)
	at java.util.concurrent.FutureTask.run(FutureTask.java:266)
	at java.util.concurrent.Executors$RunnableAdapter.call(Executors.java:511)
	at java.util.concurrent.FutureTask.run(FutureTask.java:266)
	at java.util.concurrent.ThreadPoolExecutor.runWorker(ThreadPoolExecutor.java:1149)
	at java.util.concurrent.ThreadPoolExecutor$Worker.run(ThreadPoolExecutor.java:624)
	at java.lang.Thread.run(Thread.java:748)
... Removed 15 stack frames]]>
    </failure>
  </testcase> <!-- UnifiPageTitle -->
  <testcase name="UnifiFunc" time="39.408" classname="com.unifi.UnifiTest"/>
  <testcase name="UnifiPageTitle" time="23.514" classname="com.unifi.UnifiTest">
    <failure type="java.lang.AssertionError" message="expected [Unifi - North America&amp;amp;#039;s Largest Provider of Aviation Services] but found [Appium: Mobile App Automation Made Awesome.]">
      <![CDATA[java.lang.AssertionError: expected [Unifi - North America&#039;s Largest Provider of Aviation Services] but found [Appium: Mobile App Automation Made Awesome.]
	at com.unifi.UnifiTest.UnifiPageTitle(UnifiTest.java:128)
	at java.util.concurrent.FutureTask.run(FutureTask.java:266)
	at java.util.concurrent.Executors$RunnableAdapter.call(Executors.java:511)
	at java.util.concurrent.FutureTask.run(FutureTask.java:266)
	at java.util.concurrent.ThreadPoolExecutor.runWorker(ThreadPoolExecutor.java:1149)
	at java.util.concurrent.ThreadPoolExecutor$Worker.run(ThreadPoolExecutor.java:624)
	at java.lang.Thread.run(Thread.java:748)
... Removed 15 stack frames]]>
    </failure>
  </testcase> <!-- UnifiPageTitle -->
  <testcase name="UnifiFunc" time="43.234" classname="com.unifi.UnifiTest"/>
  <testcase name="UnifiFunc" time="43.399" classname="com.unifi.UnifiTest"/>
  <testcase name="UnifiFunc" time="54.218" classname="com.unifi.UnifiTest"/>
  <testcase name="UnifiFunc" time="54.883" classname="com.unifi.UnifiTest">
    <failure type="org.openqa.selenium.WebDriverException" message="Infrastructure Error -- The Sauce VMs failed to start the browser or device.
For more info, please check https://docs.saucelabs.com/dev/error-messages (WARNING: The server did not provide any stacktrace information)
Command duration or timeout: 52.60 seconds
Build info: version: &amp;apos;3.14.0&amp;apos;, revision: &amp;apos;aacccce0&amp;apos;, time: &amp;apos;2018-08-02T20:19:58.91Z&amp;apos;
System info: host: &amp;apos;SL-2037&amp;apos;, ip: &amp;apos;fe80:0:0:0:e2:15a9:cd5e:95f4%en0&amp;apos;, os.name: &amp;apos;Mac OS X&amp;apos;, os.arch: &amp;apos;x86_64&amp;apos;, os.version: &amp;apos;10.16&amp;apos;, java.version: &amp;apos;1.8.0_271&amp;apos;
Driver info: driver.version: RemoteWebDriver">
      <![CDATA[org.openqa.selenium.WebDriverException: Infrastructure Error -- The Sauce VMs failed to start the browser or device.
For more info, please check https://docs.saucelabs.com/dev/error-messages (WARNING: The server did not provide any stacktrace information)
Command duration or timeout: 52.60 seconds
Build info: version: '3.14.0', revision: 'aacccce0', time: '2018-08-02T20:19:58.91Z'
System info: host: 'SL-2037', ip: 'fe80:0:0:0:e2:15a9:cd5e:95f4%en0', os.name: 'Mac OS X', os.arch: 'x86_64', os.version: '10.16', java.version: '1.8.0_271'
Driver info: driver.version: RemoteWebDriver
	at org.openqa.selenium.remote.ErrorHandler.createThrowable(ErrorHandler.java:214)
	at org.openqa.selenium.remote.ErrorHandler.throwIfResponseFailed(ErrorHandler.java:166)
	at org.openqa.selenium.remote.JsonWireProtocolResponse.lambda$new$0(JsonWireProtocolResponse.java:53)
	at org.openqa.selenium.remote.JsonWireProtocolResponse.lambda$getResponseFunction$2(JsonWireProtocolResponse.java:91)
	at org.openqa.selenium.remote.ProtocolHandshake.lambda$createSession$0(ProtocolHandshake.java:122)
	at java.util.stream.ReferencePipeline$3$1.accept(ReferencePipeline.java:193)
	at java.util.Spliterators$ArraySpliterator.tryAdvance(Spliterators.java:958)
	at java.util.stream.ReferencePipeline.forEachWithCancel(ReferencePipeline.java:126)
	at java.util.stream.AbstractPipeline.copyIntoWithCancel(AbstractPipeline.java:499)
	at java.util.stream.AbstractPipeline.copyInto(AbstractPipeline.java:486)
	at java.util.stream.AbstractPipeline.wrapAndCopyInto(AbstractPipeline.java:472)
	at java.util.stream.FindOps$FindOp.evaluateSequential(FindOps.java:152)
	at java.util.stream.AbstractPipeline.evaluate(AbstractPipeline.java:234)
	at java.util.stream.ReferencePipeline.findFirst(ReferencePipeline.java:464)
	at org.openqa.selenium.remote.ProtocolHandshake.createSession(ProtocolHandshake.java:125)
	at org.openqa.selenium.remote.ProtocolHandshake.createSession(ProtocolHandshake.java:73)
	at org.openqa.selenium.remote.HttpCommandExecutor.execute(HttpCommandExecutor.java:136)
	at org.openqa.selenium.remote.RemoteWebDriver.execute(RemoteWebDriver.java:548)
	at org.openqa.selenium.remote.RemoteWebDriver.startSession(RemoteWebDriver.java:212)
	at org.openqa.selenium.remote.RemoteWebDriver.<init>(RemoteWebDriver.java:130)
	at org.openqa.selenium.remote.RemoteWebDriver.<init>(RemoteWebDriver.java:143)
	at com.unifi.UnifiTest.createDriver(UnifiTest.java:88)
	at com.unifi.UnifiTest.UnifiFunc(UnifiTest.java:133)
	at java.util.concurrent.FutureTask.run(FutureTask.java:266)
	at java.util.concurrent.Executors$RunnableAdapter.call(Executors.java:511)
	at java.util.concurrent.FutureTask.run(FutureTask.java:266)
	at java.util.concurrent.ThreadPoolExecutor.runWorker(ThreadPoolExecutor.java:1149)
	at java.util.concurrent.ThreadPoolExecutor$Worker.run(ThreadPoolExecutor.java:624)
	at java.lang.Thread.run(Thread.java:748)
... Removed 13 stack frames]]>
    </failure>
  </testcase> <!-- UnifiFunc -->
  <testcase name="UnifiFunc" time="22.702" classname="com.unifi.UnifiTest">
    <failure type="java.lang.AssertionError" message="expected [Values, Vision, Purpose, and Culture - Unifi] but found [Appium: Mobile App Automation Made Awesome.]">
      <![CDATA[java.lang.AssertionError: expected [Values, Vision, Purpose, and Culture - Unifi] but found [Appium: Mobile App Automation Made Awesome.]
	at com.unifi.UnifiTest.UnifiFunc(UnifiTest.java:135)
	at java.util.concurrent.FutureTask.run(FutureTask.java:266)
	at java.util.concurrent.Executors$RunnableAdapter.call(Executors.java:511)
	at java.util.concurrent.FutureTask.run(FutureTask.java:266)
	at java.util.concurrent.ThreadPoolExecutor.runWorker(ThreadPoolExecutor.java:1149)
	at java.util.concurrent.ThreadPoolExecutor$Worker.run(ThreadPoolExecutor.java:624)
	at java.lang.Thread.run(Thread.java:748)
... Removed 15 stack frames]]>
    </failure>
  </testcase> <!-- UnifiFunc -->
  <testcase name="UnifiFunc" time="35.729" classname="com.unifi.UnifiTest">
    <failure type="java.lang.AssertionError" message="expected [Values, Vision, Purpose, and Culture - Unifi] but found [Appium: Mobile App Automation Made Awesome.]">
      <![CDATA[java.lang.AssertionError: expected [Values, Vision, Purpose, and Culture - Unifi] but found [Appium: Mobile App Automation Made Awesome.]
	at com.unifi.UnifiTest.UnifiFunc(UnifiTest.java:135)
	at java.util.concurrent.FutureTask.run(FutureTask.java:266)
	at java.util.concurrent.Executors$RunnableAdapter.call(Executors.java:511)
	at java.util.concurrent.FutureTask.run(FutureTask.java:266)
	at java.util.concurrent.ThreadPoolExecutor.runWorker(ThreadPoolExecutor.java:1149)
	at java.util.concurrent.ThreadPoolExecutor$Worker.run(ThreadPoolExecutor.java:624)
	at java.lang.Thread.run(Thread.java:748)
... Removed 15 stack frames]]>
    </failure>
  </testcase> <!-- UnifiFunc -->
  <testcase name="UnifiPageTitle" time="55.586" classname="com.unifi.UnifiTest">
    <failure type="java.lang.AssertionError" message="expected [Unifi - North America&amp;amp;#039;s Largest Provider of Aviation Services] but found [Unifi - North America&amp;apos;s Largest Provider of Aviation Services]">
      <![CDATA[java.lang.AssertionError: expected [Unifi - North America&#039;s Largest Provider of Aviation Services] but found [Unifi - North America's Largest Provider of Aviation Services]
	at com.unifi.UnifiTest.UnifiPageTitle(UnifiTest.java:128)
	at java.util.concurrent.FutureTask.run(FutureTask.java:266)
	at java.util.concurrent.Executors$RunnableAdapter.call(Executors.java:511)
	at java.util.concurrent.FutureTask.run(FutureTask.java:266)
	at java.util.concurrent.ThreadPoolExecutor.runWorker(ThreadPoolExecutor.java:1149)
	at java.util.concurrent.ThreadPoolExecutor$Worker.run(ThreadPoolExecutor.java:624)
	at java.lang.Thread.run(Thread.java:748)
... Removed 15 stack frames]]>
    </failure>
  </testcase> <!-- UnifiPageTitle -->
  <testcase name="UnifiPageTitle" time="74.766" classname="com.unifi.UnifiTest">
    <failure type="org.openqa.selenium.WebDriverException" message="Sauce could not start your job. For more information on what happened, please visit https://app.saucelabs.com/tests/90194a4265d64684b0afd3dd6dd20383 (WARNING: The server did not provide any stacktrace information)
Command duration or timeout: 72.52 seconds
Build info: version: &amp;apos;3.14.0&amp;apos;, revision: &amp;apos;aacccce0&amp;apos;, time: &amp;apos;2018-08-02T20:19:58.91Z&amp;apos;
System info: host: &amp;apos;SL-2037&amp;apos;, ip: &amp;apos;fe80:0:0:0:e2:15a9:cd5e:95f4%en0&amp;apos;, os.name: &amp;apos;Mac OS X&amp;apos;, os.arch: &amp;apos;x86_64&amp;apos;, os.version: &amp;apos;10.16&amp;apos;, java.version: &amp;apos;1.8.0_271&amp;apos;
Driver info: driver.version: RemoteWebDriver">
      <![CDATA[org.openqa.selenium.WebDriverException: Sauce could not start your job. For more information on what happened, please visit https://app.saucelabs.com/tests/90194a4265d64684b0afd3dd6dd20383 (WARNING: The server did not provide any stacktrace information)
Command duration or timeout: 72.52 seconds
Build info: version: '3.14.0', revision: 'aacccce0', time: '2018-08-02T20:19:58.91Z'
System info: host: 'SL-2037', ip: 'fe80:0:0:0:e2:15a9:cd5e:95f4%en0', os.name: 'Mac OS X', os.arch: 'x86_64', os.version: '10.16', java.version: '1.8.0_271'
Driver info: driver.version: RemoteWebDriver
	at org.openqa.selenium.remote.ErrorHandler.createThrowable(ErrorHandler.java:214)
	at org.openqa.selenium.remote.ErrorHandler.throwIfResponseFailed(ErrorHandler.java:166)
	at org.openqa.selenium.remote.JsonWireProtocolResponse.lambda$new$0(JsonWireProtocolResponse.java:53)
	at org.openqa.selenium.remote.JsonWireProtocolResponse.lambda$getResponseFunction$2(JsonWireProtocolResponse.java:91)
	at org.openqa.selenium.remote.ProtocolHandshake.lambda$createSession$0(ProtocolHandshake.java:122)
	at java.util.stream.ReferencePipeline$3$1.accept(ReferencePipeline.java:193)
	at java.util.Spliterators$ArraySpliterator.tryAdvance(Spliterators.java:958)
	at java.util.stream.ReferencePipeline.forEachWithCancel(ReferencePipeline.java:126)
	at java.util.stream.AbstractPipeline.copyIntoWithCancel(AbstractPipeline.java:499)
	at java.util.stream.AbstractPipeline.copyInto(AbstractPipeline.java:486)
	at java.util.stream.AbstractPipeline.wrapAndCopyInto(AbstractPipeline.java:472)
	at java.util.stream.FindOps$FindOp.evaluateSequential(FindOps.java:152)
	at java.util.stream.AbstractPipeline.evaluate(AbstractPipeline.java:234)
	at java.util.stream.ReferencePipeline.findFirst(ReferencePipeline.java:464)
	at org.openqa.selenium.remote.ProtocolHandshake.createSession(ProtocolHandshake.java:125)
	at org.openqa.selenium.remote.ProtocolHandshake.createSession(ProtocolHandshake.java:73)
	at org.openqa.selenium.remote.HttpCommandExecutor.execute(HttpCommandExecutor.java:136)
	at org.openqa.selenium.remote.RemoteWebDriver.execute(RemoteWebDriver.java:548)
	at org.openqa.selenium.remote.RemoteWebDriver.startSession(RemoteWebDriver.java:212)
	at org.openqa.selenium.remote.RemoteWebDriver.<init>(RemoteWebDriver.java:130)
	at org.openqa.selenium.remote.RemoteWebDriver.<init>(RemoteWebDriver.java:143)
	at com.unifi.UnifiTest.createDriver(UnifiTest.java:88)
	at com.unifi.UnifiTest.UnifiPageTitle(UnifiTest.java:126)
	at java.util.concurrent.FutureTask.run(FutureTask.java:266)
	at java.util.concurrent.Executors$RunnableAdapter.call(Executors.java:511)
	at java.util.concurrent.FutureTask.run(FutureTask.java:266)
	at java.util.concurrent.ThreadPoolExecutor.runWorker(ThreadPoolExecutor.java:1149)
	at java.util.concurrent.ThreadPoolExecutor$Worker.run(ThreadPoolExecutor.java:624)
	at java.lang.Thread.run(Thread.java:748)
... Removed 13 stack frames]]>
    </failure>
  </testcase> <!-- UnifiPageTitle -->
  <testcase name="UnifiPageTitle" time="77.307" classname="com.unifi.UnifiTest">
    <failure type="java.lang.AssertionError" message="expected [Unifi - North America&amp;amp;#039;s Largest Provider of Aviation Services] but found [Unifi - North America&amp;apos;s Largest Provider of Aviation Services]">
      <![CDATA[java.lang.AssertionError: expected [Unifi - North America&#039;s Largest Provider of Aviation Services] but found [Unifi - North America's Largest Provider of Aviation Services]
	at com.unifi.UnifiTest.UnifiPageTitle(UnifiTest.java:128)
	at java.util.concurrent.FutureTask.run(FutureTask.java:266)
	at java.util.concurrent.Executors$RunnableAdapter.call(Executors.java:511)
	at java.util.concurrent.FutureTask.run(FutureTask.java:266)
	at java.util.concurrent.ThreadPoolExecutor.runWorker(ThreadPoolExecutor.java:1149)
	at java.util.concurrent.ThreadPoolExecutor$Worker.run(ThreadPoolExecutor.java:624)
	at java.lang.Thread.run(Thread.java:748)
... Removed 15 stack frames]]>
    </failure>
  </testcase> <!-- UnifiPageTitle -->
  <testcase name="UnifiFunc" time="89.089" classname="com.unifi.UnifiTest"/>
  <testcase name="UnifiFunc" time="71.994" classname="com.unifi.UnifiTest"/>
  <testcase name="UnifiPageTitle" time="128.493" classname="com.unifi.UnifiTest">
    <failure type="java.lang.AssertionError" message="expected [Unifi - North America&amp;amp;#039;s Largest Provider of Aviation Services] but found [Unifi - North America&amp;apos;s Largest Provider of Aviation Services]">
      <![CDATA[java.lang.AssertionError: expected [Unifi - North America&#039;s Largest Provider of Aviation Services] but found [Unifi - North America's Largest Provider of Aviation Services]
	at com.unifi.UnifiTest.UnifiPageTitle(UnifiTest.java:128)
	at java.util.concurrent.FutureTask.run(FutureTask.java:266)
	at java.util.concurrent.Executors$RunnableAdapter.call(Executors.java:511)
	at java.util.concurrent.FutureTask.run(FutureTask.java:266)
	at java.util.concurrent.ThreadPoolExecutor.runWorker(ThreadPoolExecutor.java:1149)
	at java.util.concurrent.ThreadPoolExecutor$Worker.run(ThreadPoolExecutor.java:624)
	at java.lang.Thread.run(Thread.java:748)
... Removed 15 stack frames]]>
    </failure>
  </testcase> <!-- UnifiPageTitle -->
  <testcase name="UnifiFunc" time="326.286" classname="com.unifi.UnifiTest"/>
</testsuite> <!-- Surefire test -->
